<?xml version="1.0" encoding="utf-8"?><testsuites name="pytest tests"><testsuite name="pytest" errors="0" failures="0" skipped="0" tests="16" time="8.423" timestamp="2026-09-18T03:30:41.450727+00:00" hostname="agent-env-78b4dc24-8c7d-4c0c-b6c9-6c4bbb13d03a"><testcase classname="tests.test_wet_dream_expansion" name="test_create_character_persists_raunch_true" time="0.495" /><testcase classname="tests.backend_test" name="test_health" time="0.219" /><testcase classname="tests.backend_test" name="test_settings_and_workflows" time="0.159" /><testcase classname="tests.backend_test" name="test_character_crud" time="1.006" /><testcase classname="tests.test_wet_dream_expansion" name="test_create_character_default_raunch_false" time="0.159" /><testcase classname="tests.test_wet_dream_expansion" name="test_kink_preset_list_empty_ok" time="0.119" /><testcase classname="tests.test_wet_dream_expansion" name="test_kink_preset_create_get_delete" time="0.238" /><testcase classname="tests.test_wet_dream_expansion" name="test_kink_preset_create_requires_name_and_dna" time="0.058" /><testcase classname="tests.test_wet_dream_expansion" name="test_new_dna_sections_persist" time="0.225" /><testcase classname="tests.test_field_locks_and_collapsed" name="test_create_character_with_field_locks_and_collapsed_persists" time="0.407" /><testcase classname="tests.backend_test" name="test_dispatch_offline_with_seed" time="0.208" /><testcase classname="tests.backend_test" name="test_shoot_create_validation" time="0.347" /><testcase classname="tests.test_field_locks_and_collapsed" name="test_create_character_without_locks_defaults_empty" time="0.252" /><testcase classname="tests.backend_test" name="test_shoot_full_flow" time="5.802" /><testcase classname="tests.test_thumbnail_field" name="test_thumbnail_aggregation" time="0.379" /><testcase classname="tests.test_thumbnail_field" name="test_characters_list_shape_no_extra_fields" time="0.257" /></testsuite></testsuites>