<?xml version="1.0" encoding="utf-8"?><testsuites name="pytest tests"><testsuite name="pytest" errors="0" failures="0" skipped="0" tests="3" time="13.049" timestamp="2026-09-18T04:08:39.527990+00:00" hostname="agent-env-78b4dc24-8c7d-4c0c-b6c9-6c4bbb13d03a"><testcase classname="tests.test_multi_subject_and_venice" name="test_create_character_with_subjects_and_get" time="0.408" /><testcase classname="tests.test_multi_subject_and_venice" name="test_backward_compat_dna_only" time="0.181" /><testcase classname="tests.test_multi_subject_and_venice" name="test_venice_freeform_wired" time="11.962" /></testsuite></testsuites>