<?xml version="1.0" encoding="utf-8"?><testsuites name="pytest tests"><testsuite name="pytest" errors="0" failures="0" skipped="0" tests="6" time="7.935" timestamp="2026-09-17T02:35:11.457511+00:00" hostname="agent-env-78b4dc24-8c7d-4c0c-b6c9-6c4bbb13d03a"><testcase classname="tests.backend_test" name="test_health" time="0.271" /><testcase classname="tests.backend_test" name="test_settings_and_workflows" time="0.211" /><testcase classname="tests.backend_test" name="test_character_crud" time="0.670" /><testcase classname="tests.backend_test" name="test_dispatch_offline_with_seed" time="0.186" /><testcase classname="tests.backend_test" name="test_shoot_create_validation" time="0.293" /><testcase classname="tests.backend_test" name="test_shoot_full_flow" time="5.734" /></testsuite></testsuites>