<?xml version="1.0" encoding="utf-8"?><testsuites name="pytest tests"><testsuite name="pytest" errors="0" failures="0" skipped="0" tests="12" time="8.479" timestamp="2026-09-18T02:38:44.746733+00:00" hostname="agent-env-78b4dc24-8c7d-4c0c-b6c9-6c4bbb13d03a"><testcase classname="tests.test_wet_dream_expansion" name="test_create_character_persists_raunch_true" time="0.501" /><testcase classname="tests.backend_test" name="test_health" time="0.176" /><testcase classname="tests.backend_test" name="test_settings_and_workflows" time="0.155" /><testcase classname="tests.backend_test" name="test_character_crud" time="0.686" /><testcase classname="tests.test_wet_dream_expansion" name="test_create_character_default_raunch_false" time="0.196" /><testcase classname="tests.test_wet_dream_expansion" name="test_kink_preset_list_empty_ok" time="0.143" /><testcase classname="tests.test_wet_dream_expansion" name="test_kink_preset_create_get_delete" time="0.417" /><testcase classname="tests.backend_test" name="test_dispatch_offline_with_seed" time="0.176" /><testcase classname="tests.backend_test" name="test_shoot_create_validation" time="0.289" /><testcase classname="tests.test_wet_dream_expansion" name="test_kink_preset_create_requires_name_and_dna" time="0.088" /><testcase classname="tests.test_wet_dream_expansion" name="test_new_dna_sections_persist" time="0.334" /><testcase classname="tests.backend_test" name="test_shoot_full_flow" time="5.711" /></testsuite></testsuites>